2025-01-21 14:37:39,968 - INFO - url: https://raw.githubusercontent.com/iptv-org/iptv/gh-pages/countries/cn.m3u 获取成功，判断为m3u格式
2025-01-21 14:37:39,970 - INFO - url: https://raw.githubusercontent.com/iptv-org/iptv/gh-pages/countries/cn.m3u 爬取成功✅，包含频道分类: Religious, Undefined, News, Business, Kids, Education;Science, General, Entertainment, Sports, Movies, Education, Culture, Documentary, Music, Lifestyle, Education;Outdoor, Comedy, Kids;Lifestyle, Culture;Education, Outdoor, General;News, Shop, Animation;Education;Family;Kids;Music, Animation;Kids, Family, Science
2025-01-21 14:37:40,061 - INFO - url: https://live.fanmingming.com/tv/m3u/ipv6.m3u 获取成功，判断为m3u格式
2025-01-21 14:37:40,061 - INFO - url: https://live.fanmingming.com/tv/m3u/ipv6.m3u 爬取成功✅，包含频道分类: 央视频道, 卫视频道, 浙江频道, 内蒙频道
2025-01-21 14:37:40,087 - INFO - url: https://raw.githubusercontent.com/iptv-org/iptv/master/streams/cn.m3u 获取成功，判断为m3u格式
2025-01-21 14:37:40,173 - INFO - url: https://raw.githubusercontent.com/suxuang/myIPTV/main/ipv6.m3u 获取成功，判断为m3u格式
2025-01-21 14:37:40,174 - INFO - url: https://raw.githubusercontent.com/suxuang/myIPTV/main/ipv6.m3u 爬取成功✅，包含频道分类: 央视频道, 央卫备用, 卫视频道, 数字频道, 港澳台频道, 港澳台AKTV, 动画频道, IHOT频道, NewTV频道, 百事通, 咪咕直播, 电影轮播, 电视剧轮播, 埋堆堆频道, 点播电影, 地方频道, 春晚频道, 国际频道
2025-01-21 14:37:40,220 - ERROR - url: https://raw.githubusercontent.com/Fairy8o/IPTV/main/PDX-V4.txt 爬取失败❌, Error: 404 Client Error: Not Found for url: https://raw.githubusercontent.com/Fairy8o/IPTV/main/PDX-V4.txt
2025-01-21 14:37:40,264 - ERROR - url: https://raw.githubusercontent.com/Fairy8o/IPTV/main/PDX-V6.txt 爬取失败❌, Error: 404 Client Error: Not Found for url: https://raw.githubusercontent.com/Fairy8o/IPTV/main/PDX-V6.txt
2025-01-21 14:37:40,332 - INFO - url: https://raw.githubusercontent.com/xzw832/cmys/main/S_CCTV.txt 获取成功，判断为txt格式
2025-01-21 14:37:40,419 - INFO - url: https://raw.githubusercontent.com/xzw832/cmys/main/S_weishi.txt 获取成功，判断为txt格式
2025-01-21 14:37:40,478 - INFO - url: https://raw.githubusercontent.com/asdjkl6/tv/tv/.m3u/整套直播源/测试/整套直播源/l.txt 获取成功，判断为txt格式
2025-01-21 14:37:40,481 - INFO - url: https://raw.githubusercontent.com/asdjkl6/tv/tv/.m3u/整套直播源/测试/整套直播源/l.txt 爬取成功✅，包含频道分类: 💥 央视, 💥 卫视, 💥 浙江, 💥 体育, 💥 ip.tv, 💥 Y//Y, 💥 斗鱼, 💥 虎牙, 💥 iH.ot, 💥 数字, 💥 港闽
2025-01-21 14:37:40,551 - INFO - url: https://raw.githubusercontent.com/asdjkl6/tv/tv/.m3u/整套直播源/测试/整套直播源/kk.txt 获取成功，判断为txt格式
2025-01-21 14:37:40,554 - INFO - url: https://raw.githubusercontent.com/asdjkl6/tv/tv/.m3u/整套直播源/测试/整套直播源/kk.txt 爬取成功✅，包含频道分类: ﻿💫 央视, 💫 卫视, 💫 浙江, 💫 体育, 💫 斗鱼, 💫 Y./Y, 💫 虎牙, 💫 iHot, 💫 NeTV, 🎤音乐
2025-01-21 14:38:02,900 - INFO - url: http://ww.weidonglong.com/dsj.txt 获取成功，判断为txt格式
2025-01-21 14:38:02,900 - INFO - url: http://ww.weidonglong.com/dsj.txt 爬取成功✅，包含频道分类: 👉电视直播, 央视频道, 卫视频道, 卫视综合, 体育综合, 急救技能, 👉获取更新
2025-01-21 14:38:03,144 - INFO - url: http://xhztv.top/zbc.txt 获取成功，判断为txt格式
2025-01-21 14:38:03,147 - INFO - url: http://xhztv.top/zbc.txt 爬取成功✅，包含频道分类: ﻿新闻频道, 央视, 央视IPv6, 卫视IPv6, 港湾频道, 广东地区, 直播中国, 体育频道, 少儿频道, 电影频道, 影视综合, MTV频道, 历届春晚, ♥聚玩盒子
2025-01-21 14:38:03,282 - INFO - url: https://raw.githubusercontent.com/qingwen07/awesome-iptv/main/tvbox_live_all.txt 获取成功，判断为txt格式
2025-01-21 14:38:03,303 - INFO - url: https://raw.githubusercontent.com/qingwen07/awesome-iptv/main/tvbox_live_all.txt 爬取成功✅，包含频道分类: 央视, 新闻, 卫视台, 地方台, 港澳台, 埋堆堆, 影视, 体育, 音乐, 小品, 咪咕, 斗鱼, 少儿, 国外, IPV6, 
2025-01-21 14:38:03,374 - INFO - url: https://raw.githubusercontent.com/Guovin/TV/gd/output/result.txt 获取成功，判断为txt格式
2025-01-21 14:38:03,377 - INFO - url: https://raw.githubusercontent.com/Guovin/TV/gd/output/result.txt 爬取成功✅，包含频道分类: 🕘️更新时间, 📺央视频道, 💰央视付费频道, 📡卫视频道, ☘️广东频道, ☘️浙江频道, ☘️北京频道, ☘️上海频道, ☘️重庆频道, ☘️江苏频道, ☘️辽宁频道, ☘️湖南频道, ☘️湖北频道, ☘️广西频道, ☘️天津频道, ☘️四川频道, ☘️陕西频道, ☘️福建频道, ☘️海南频道, ☘️河南频道, ☘️河北频道, ☘️贵州频道, ☘️甘肃频道, ☘️新疆频道, ☘️山东频道, ☘️山西频道, ☘️安徽频道, ☘️宁夏频道, ☘️吉林频道, ☘️内蒙古频道, ☘️云南频道, ☘️青海频道, ☘️黑龙江频道, 🌊港·澳·台, 🎬电影频道, 🎥咪咕直播, 🏀体育频道, 🪁动画频道, 🎮游戏频道, 🎵音乐频道, 🏛经典剧场
2025-01-21 14:38:03,656 - INFO - url: https://live.kakaxi-1.ink/ipv6.m3u 获取成功，判断为m3u格式
2025-01-21 14:38:03,657 - INFO - url: https://live.kakaxi-1.ink/ipv6.m3u 爬取成功✅，包含频道分类: 央视频道, 卫视频道, 数字频道
2025-01-21 14:38:03,742 - INFO - url: https://raw.githubusercontent.com/vbskycn/iptv/master/tv/hd.txt 获取成功，判断为txt格式
2025-01-21 14:38:03,750 - INFO - url: https://raw.githubusercontent.com/vbskycn/iptv/master/tv/hd.txt 爬取成功✅，包含频道分类: 央视频道ip6, 卫视频道ip6, 电影频道ip6, 儿童频道ip6, 地方频道ip6, 综艺频道ip6, 体育频道ip6, 戏曲频道ip6, 其他频道ip6, 更新时间ip6, 央视频道ip4, 卫视频道ip4, 电影频道ip4, 数字频道ip4, 儿童频道ip4, 地方频道ip4, 综艺频道ip4, 纪录频道ip4, 体育频道ip4, 解说频道ip4, 游戏频道ip4, 音乐频道ip4, 戏曲频道ip4, 春晚频道ip4, 直播中国ip4, 其他频道ip4, 更新时间ip4
2025-01-21 14:38:03,828 - INFO - url: https://raw.githubusercontent.com/YueChan/Live/main/APTV.m3u 获取成功，判断为m3u格式
2025-01-21 14:38:03,828 - INFO - url: https://raw.githubusercontent.com/YueChan/Live/main/APTV.m3u 爬取成功✅，包含频道分类: 央视, 卫视, 地方, 数字
2025-01-21 14:38:03,912 - INFO - url: https://raw.githubusercontent.com/cymz6/AutoIPTV-Hotel/main/lives.txt 获取成功，判断为txt格式
2025-01-21 14:38:03,913 - INFO - url: https://raw.githubusercontent.com/cymz6/AutoIPTV-Hotel/main/lives.txt 爬取成功✅，包含频道分类: 央视频道, 卫视频道, 其他频道
2025-01-21 14:38:03,984 - INFO - url: https://raw.githubusercontent.com/PizazzGY/TVBox_warehouse/main/live.txt 获取成功，判断为txt格式
2025-01-21 14:38:03,984 - INFO - url: https://raw.githubusercontent.com/PizazzGY/TVBox_warehouse/main/live.txt 爬取成功✅，包含频道分类: 央视
2025-01-21 14:38:04,743 - INFO - url: https://fm1077.serv00.net/SmartTV.m3u 获取成功，判断为m3u格式
2025-01-21 14:38:04,744 - INFO - url: https://fm1077.serv00.net/SmartTV.m3u 爬取成功✅，包含频道分类: 臺灣 Taiwan, 馬來西亞 Malaysia, 新加坡 Singapore, 印尼 Indonesia, 香港 Hongkong, 中國 China, 體育 Sports, 印度 Indian, 電影 Movie, 紀錄 Documentary, 新聞 News, 兒童 Kids, 泰國 Thailand, 英國 United Kingdom, 越南 Vietnam, 韓國 Korea, 日本 Japan
2025-01-21 14:38:04,829 - INFO - url: https://raw.githubusercontent.com/ssili126/tv/main/itvlist.txt 获取成功，判断为txt格式
2025-01-21 14:38:04,830 - INFO - url: https://raw.githubusercontent.com/ssili126/tv/main/itvlist.txt 爬取成功✅，包含频道分类: 央视频道, 卫视频道, 其他频道
2025-01-21 14:38:04,924 - INFO - url: https://raw.githubusercontent.com/kimwang1978/collect-tv-txt/main/merged_output.txt 获取成功，判断为txt格式
2025-01-21 14:38:04,982 - INFO - url: https://raw.githubusercontent.com/kimwang1978/collect-tv-txt/main/merged_output.txt 爬取成功✅，包含频道分类: 更新时间, 💓专享源🅰️, 💓专享源🅱️, 💓专享央视, 💓专享卫视, 💓港澳台📶, 💓 AKTV📶, 💓台湾台📶, 💓电视剧🔁, 💓优质个源, 💓儿童专享, 💓咪咕直播, 🏀SPORTS⚽️, 🍹定制台☕️, 💓英语频道, 💓4K(Test), 🌐央视频道, 📡卫视频道, 上海频道, 体育频道, 电影频道, 电视剧频道, 明星, 主题片, 港澳台, 国际台, 纪录片, 动画片, 戏曲频道, 综艺频道, 音乐频道, 游戏频道, ☘️湖南频道, ☘️湖北频道, ☘️广东频道, ☘️浙江频道, ☘️山东频道, ☘️江苏频道, ☘️安徽频道, ☘️海南频道, ☘️内蒙频道, ☘️辽宁频道, ☘️陕西频道, ☘️山西频道, ☘️云南频道, ☘️北京频道, ☘️重庆频道, ☘️福建频道, ☘️甘肃频道, ☘️广西频道, ☘️贵州频道, ☘️河北频道, ☘️河南频道, ☘️黑龙江频道, ☘️吉林频道, ☘️江西频道, ☘️宁夏频道, ☘️青海频道, ☘️四川频道, ☘️天津频道, ☘️新疆频道, 解说频道, 春晚, 直播中国, MTV, 收音机频道, ❤️与凤行, ❤️以家人之名
